# JRE version: Java(TM) SE Runtime Environment (8.0_131-b11) (build 1.8.0_131-b11)
# Java VM: Java HotSpot(TM) 64-Bit Server VM (25.131-b11 mixed mode windows-amd64 compressed oops)
Heap:
 PSYoungGen      total 56832K, used 3750K [0x00000000d6780000, 0x00000000dc280000, 0x0000000100000000)
  eden space 46592K, 6% used [0x00000000d6780000,0x00000000d6a3da28,0x00000000d9500000)
  from space 10240K, 9% used [0x00000000da200000,0x00000000da2ec0a0,0x00000000dac00000)
  to   space 13312K, 0% used [0x00000000d9500000,0x00000000d9500000,0x00000000da200000)
 ParOldGen       total 64000K, used 22407K [0x0000000083600000, 0x0000000087480000, 0x00000000d6780000)
  object space 64000K, 35% used [0x0000000083600000,0x0000000084be1cc8,0x0000000087480000)
 Metaspace       used 31512K, capacity 33166K, committed 33456K, reserved 1079296K
  class space    used 4165K, capacity 4486K, committed 4528K, reserved 1048576K
GC Heap History (10 events):
Event: 2.712 GC heap before
{Heap before GC invocations=9 (full 1):
 PSYoungGen      total 41984K, used 34304K [0x00000000d6780000, 0x00000000dac00000, 0x0000000100000000)
  eden space 31744K, 100% used [0x00000000d6780000,0x00000000d8680000,0x00000000d8680000)
  from space 10240K, 25% used [0x00000000d8680000,0x00000000d8900070,0x00000000d9080000)
  to   space 10240K, 0% used [0x00000000da200000,0x00000000da200000,0x00000000dac00000)
 ParOldGen       total 64000K, used 9021K [0x0000000083600000, 0x0000000087480000, 0x00000000d6780000)
  object space 64000K, 14% used [0x0000000083600000,0x0000000083ecf520,0x0000000087480000)
 Metaspace       used 23915K, capacity 24550K, committed 24624K, reserved 1071104K
  class space    used 2952K, capacity 3092K, committed 3120K, reserved 1048576K
Event: 2.714 GC heap after
Heap after GC invocations=9 (full 1):
 PSYoungGen      total 59904K, used 2800K [0x00000000d6780000, 0x00000000dae80000, 0x0000000100000000)
  eden space 49664K, 0% used [0x00000000d6780000,0x00000000d6780000,0x00000000d9800000)
  from space 10240K, 27% used [0x00000000da200000,0x00000000da4bc0d0,0x00000000dac00000)
  to   space 10240K, 0% used [0x00000000d9800000,0x00000000d9800000,0x00000000da200000)
 ParOldGen       total 64000K, used 9029K [0x0000000083600000, 0x0000000087480000, 0x00000000d6780000)
  object space 64000K, 14% used [0x0000000083600000,0x0000000083ed1520,0x0000000087480000)
 Metaspace       used 23915K, capacity 24550K, committed 24624K, reserved 1071104K
  class space    used 2952K, capacity 3092K, committed 3120K, reserved 1048576K
}
Event: 3.375 GC heap before
{Heap before GC invocations=10 (full 1):
 PSYoungGen      total 59904K, used 51017K [0x00000000d6780000, 0x00000000dae80000, 0x0000000100000000)
  eden space 49664K, 97% used [0x00000000d6780000,0x00000000d9696520,0x00000000d9800000)
  from space 10240K, 27% used [0x00000000da200000,0x00000000da4bc0d0,0x00000000dac00000)
  to   space 10240K, 0% used [0x00000000d9800000,0x00000000d9800000,0x00000000da200000)
 ParOldGen       total 64000K, used 9029K [0x0000000083600000, 0x0000000087480000, 0x00000000d6780000)
  object space 64000K, 14% used [0x0000000083600000,0x0000000083ed1520,0x0000000087480000)
 Metaspace       used 29968K, capacity 31432K, committed 31536K, reserved 1077248K
  class space    used 4053K, capacity 4365K, committed 4400K, reserved 1048576K
Event: 3.386 GC heap after
Heap after GC invocations=10 (full 1):
 PSYoungGen      total 59904K, used 8181K [0x00000000d6780000, 0x00000000dae80000, 0x0000000100000000)
  eden space 49664K, 0% used [0x00000000d6780000,0x00000000d6780000,0x00000000d9800000)
  from space 10240K, 79% used [0x00000000d9800000,0x00000000d9ffd680,0x00000000da200000)
  to   space 10240K, 0% used [0x00000000da200000,0x00000000da200000,0x00000000dac00000)
 ParOldGen       total 64000K, used 9037K [0x0000000083600000, 0x0000000087480000, 0x00000000d6780000)
  object space 64000K, 14% used [0x0000000083600000,0x0000000083ed3520,0x0000000087480000)
 Metaspace       used 29968K, capacity 31432K, committed 31536K, reserved 1077248K
  class space    used 4053K, capacity 4365K, committed 4400K, reserved 1048576K
}
Event: 14.786 GC heap before
{Heap before GC invocations=11 (full 1):
 PSYoungGen      total 59904K, used 57845K [0x00000000d6780000, 0x00000000dae80000, 0x0000000100000000)
  eden space 49664K, 100% used [0x00000000d6780000,0x00000000d9800000,0x00000000d9800000)
  from space 10240K, 79% used [0x00000000d9800000,0x00000000d9ffd680,0x00000000da200000)
  to   space 10240K, 0% used [0x00000000da200000,0x00000000da200000,0x00000000dac00000)
 ParOldGen       total 64000K, used 9037K [0x0000000083600000, 0x0000000087480000, 0x00000000d6780000)
  object space 64000K, 14% used [0x0000000083600000,0x0000000083ed3520,0x0000000087480000)
 Metaspace       used 31316K, capacity 32942K, committed 33200K, reserved 1077248K
  class space    used 4155K, capacity 4470K, committed 4528K, reserved 1048576K
Event: 14.793 GC heap after
Heap after GC invocations=11 (full 1):
 PSYoungGen      total 59904K, used 9892K [0x00000000d6780000, 0x00000000dae80000, 0x0000000100000000)
  eden space 49664K, 0% used [0x00000000d6780000,0x00000000d6780000,0x00000000d9800000)
  from space 10240K, 96% used [0x00000000da200000,0x00000000daba9028,0x00000000dac00000)
  to   space 10240K, 0% used [0x00000000d9800000,0x00000000d9800000,0x00000000da200000)
 ParOldGen       total 64000K, used 13076K [0x0000000083600000, 0x0000000087480000, 0x00000000d6780000)
  object space 64000K, 20% used [0x0000000083600000,0x00000000842c51b0,0x0000000087480000)
 Metaspace       used 31316K, capacity 32942K, committed 33200K, reserved 1077248K
  class space    used 4155K, capacity 4470K, committed 4528K, reserved 1048576K
}
Event: 15.173 GC heap before
{Heap before GC invocations=12 (full 1):
 PSYoungGen      total 59904K, used 59556K [0x00000000d6780000, 0x00000000dae80000, 0x0000000100000000)
  eden space 49664K, 100% used [0x00000000d6780000,0x00000000d9800000,0x00000000d9800000)
  from space 10240K, 96% used [0x00000000da200000,0x00000000daba9028,0x00000000dac00000)
  to   space 10240K, 0% used [0x00000000d9800000,0x00000000d9800000,0x00000000da200000)
 ParOldGen       total 64000K, used 13076K [0x0000000083600000, 0x0000000087480000, 0x00000000d6780000)
  object space 64000K, 20% used [0x0000000083600000,0x00000000842c51b0,0x0000000087480000)
 Metaspace       used 31400K, capacity 33030K, committed 33200K, reserved 1077248K
  class space    used 4158K, capacity 4474K, committed 4528K, reserved 1048576K
Event: 15.179 GC heap after
Heap after GC invocations=12 (full 1):
 PSYoungGen      total 59904K, used 9972K [0x00000000d6780000, 0x00000000dae80000, 0x0000000100000000)
  eden space 49664K, 0% used [0x00000000d6780000,0x00000000d6780000,0x00000000d9800000)
  from space 10240K, 97% used [0x00000000d9800000,0x00000000da1bd048,0x00000000da200000)
  to   space 10240K, 0% used [0x00000000da200000,0x00000000da200000,0x00000000dac00000)
 ParOldGen       total 64000K, used 13132K [0x0000000083600000, 0x0000000087480000, 0x00000000d6780000)
  object space 64000K, 20% used [0x0000000083600000,0x00000000842d31b0,0x0000000087480000)
 Metaspace       used 31400K, capacity 33030K, committed 33200K, reserved 1077248K
  class space    used 4158K, capacity 4474K, committed 4528K, reserved 1048576K
}
Event: 15.498 GC heap before
{Heap before GC invocations=13 (full 1):
 PSYoungGen      total 59904K, used 59636K [0x00000000d6780000, 0x00000000dae80000, 0x0000000100000000)
  eden space 49664K, 100% used [0x00000000d6780000,0x00000000d9800000,0x00000000d9800000)
  from space 10240K, 97% used [0x00000000d9800000,0x00000000da1bd048,0x00000000da200000)
  to   space 10240K, 0% used [0x00000000da200000,0x00000000da200000,0x00000000dac00000)
 ParOldGen       total 64000K, used 13132K [0x0000000083600000, 0x0000000087480000, 0x00000000d6780000)
  object space 64000K, 20% used [0x0000000083600000,0x00000000842d31b0,0x0000000087480000)
 Metaspace       used 31482K, capacity 33166K, committed 33456K, reserved 1079296K
  class space    used 4165K, capacity 4486K, committed 4528K, reserved 1048576K
Event: 15.503 GC heap after
Heap after GC invocations=13 (full 1):
 PSYoungGen      total 56832K, used 944K [0x00000000d6780000, 0x00000000dc280000, 0x0000000100000000)
  eden space 46592K, 0% used [0x00000000d6780000,0x00000000d6780000,0x00000000d9500000)
  from space 10240K, 9% used [0x00000000da200000,0x00000000da2ec0a0,0x00000000dac00000)
  to   space 13312K, 0% used [0x00000000d9500000,0x00000000d9500000,0x00000000da200000)
 ParOldGen       total 64000K, used 22407K [0x0000000083600000, 0x0000000087480000, 0x00000000d6780000)
  object space 64000K, 35% used [0x0000000083600000,0x0000000084be1cc8,0x0000000087480000)
 Metaspace       used 31482K, capacity 33166K, committed 33456K, reserved 1079296K
  class space    used 4165K, capacity 4486K, committed 4528K, reserved 1048576K
}

