# JRE version: Java(TM) SE Runtime Environment (8.0_131-b11) (build 1.8.0_131-b11)
# Java VM: Java HotSpot(TM) 64-Bit Server VM (25.131-b11 mixed mode windows-amd64 compressed oops)
Heap:
 PSYoungGen      total 82944K, used 20692K [0x00000000d6780000, 0x00000000dc400000, 0x0000000100000000)
  eden space 72704K, 24% used [0x00000000d6780000,0x00000000d7895218,0x00000000dae80000)
  from space 10240K, 31% used [0x00000000db880000,0x00000000dbba01d0,0x00000000dc280000)
  to   space 10240K, 0% used [0x00000000dae80000,0x00000000dae80000,0x00000000db880000)
 ParOldGen       total 64512K, used 8043K [0x0000000083600000, 0x0000000087500000, 0x00000000d6780000)
  object space 64512K, 12% used [0x0000000083600000,0x0000000083ddaf98,0x0000000087500000)
 Metaspace       used 29058K, capacity 30460K, committed 30720K, reserved 1075200K
  class space    used 3960K, capacity 4243K, committed 4352K, reserved 1048576K
GC Heap History (10 events):
Event: 2.046 GC heap before
{Heap before GC invocations=5 (full 1):
 PSYoungGen      total 37888K, used 5106K [0x00000000d6780000, 0x00000000db180000, 0x0000000100000000)
  eden space 32768K, 0% used [0x00000000d6780000,0x00000000d6780000,0x00000000d8780000)
  from space 5120K, 99% used [0x00000000d8c80000,0x00000000d917c9e0,0x00000000d9180000)
  to   space 5120K, 0% used [0x00000000d8780000,0x00000000d8780000,0x00000000d8c80000)
 ParOldGen       total 86016K, used 6736K [0x0000000083600000, 0x0000000088a00000, 0x00000000d6780000)
  object space 86016K, 7% used [0x0000000083600000,0x0000000083c94050,0x0000000088a00000)
 Metaspace       used 20822K, capacity 21166K, committed 21296K, reserved 1069056K
  class space    used 2494K, capacity 2613K, committed 2688K, reserved 1048576K
Event: 2.075 GC heap after
Heap after GC invocations=5 (full 1):
 PSYoungGen      total 37888K, used 0K [0x00000000d6780000, 0x00000000db180000, 0x0000000100000000)
  eden space 32768K, 0% used [0x00000000d6780000,0x00000000d6780000,0x00000000d8780000)
  from space 5120K, 0% used [0x00000000d8c80000,0x00000000d8c80000,0x00000000d9180000)
  to   space 5120K, 0% used [0x00000000d8780000,0x00000000d8780000,0x00000000d8c80000)
 ParOldGen       total 64512K, used 7992K [0x0000000083600000, 0x0000000087500000, 0x00000000d6780000)
  object space 64512K, 12% used [0x0000000083600000,0x0000000083dce348,0x0000000087500000)
 Metaspace       used 20822K, capacity 21166K, committed 21296K, reserved 1069056K
  class space    used 2494K, capacity 2613K, committed 2688K, reserved 1048576K
}
Event: 2.303 GC heap before
{Heap before GC invocations=6 (full 1):
 PSYoungGen      total 37888K, used 32768K [0x00000000d6780000, 0x00000000db180000, 0x0000000100000000)
  eden space 32768K, 100% used [0x00000000d6780000,0x00000000d8780000,0x00000000d8780000)
  from space 5120K, 0% used [0x00000000d8c80000,0x00000000d8c80000,0x00000000d9180000)
  to   space 5120K, 0% used [0x00000000d8780000,0x00000000d8780000,0x00000000d8c80000)
 ParOldGen       total 64512K, used 7992K [0x0000000083600000, 0x0000000087500000, 0x00000000d6780000)
  object space 64512K, 12% used [0x0000000083600000,0x0000000083dce348,0x0000000087500000)
 Metaspace       used 23543K, capacity 24142K, committed 24448K, reserved 1071104K
  class space    used 2943K, capacity 3090K, committed 3200K, reserved 1048576K
Event: 2.306 GC heap after
Heap after GC invocations=6 (full 1):
 PSYoungGen      total 37888K, used 2688K [0x00000000d6780000, 0x00000000da980000, 0x0000000100000000)
  eden space 32768K, 0% used [0x00000000d6780000,0x00000000d6780000,0x00000000d8780000)
  from space 5120K, 52% used [0x00000000d8780000,0x00000000d8a20030,0x00000000d8c80000)
  to   space 10240K, 0% used [0x00000000d9f80000,0x00000000d9f80000,0x00000000da980000)
 ParOldGen       total 64512K, used 8019K [0x0000000083600000, 0x0000000087500000, 0x00000000d6780000)
  object space 64512K, 12% used [0x0000000083600000,0x0000000083dd4f98,0x0000000087500000)
 Metaspace       used 23543K, capacity 24142K, committed 24448K, reserved 1071104K
  class space    used 2943K, capacity 3090K, committed 3200K, reserved 1048576K
}
Event: 2.408 GC heap before
{Heap before GC invocations=7 (full 1):
 PSYoungGen      total 37888K, used 35456K [0x00000000d6780000, 0x00000000da980000, 0x0000000100000000)
  eden space 32768K, 100% used [0x00000000d6780000,0x00000000d8780000,0x00000000d8780000)
  from space 5120K, 52% used [0x00000000d8780000,0x00000000d8a20030,0x00000000d8c80000)
  to   space 10240K, 0% used [0x00000000d9f80000,0x00000000d9f80000,0x00000000da980000)
 ParOldGen       total 64512K, used 8019K [0x0000000083600000, 0x0000000087500000, 0x00000000d6780000)
  object space 64512K, 12% used [0x0000000083600000,0x0000000083dd4f98,0x0000000087500000)
 Metaspace       used 23705K, capacity 24282K, committed 24448K, reserved 1071104K
  class space    used 2946K, capacity 3092K, committed 3200K, reserved 1048576K
Event: 2.411 GC heap after
Heap after GC invocations=7 (full 1):
 PSYoungGen      total 56832K, used 3072K [0x00000000d6780000, 0x00000000dae00000, 0x0000000100000000)
  eden space 46592K, 0% used [0x00000000d6780000,0x00000000d6780000,0x00000000d9500000)
  from space 10240K, 30% used [0x00000000d9f80000,0x00000000da2800c0,0x00000000da980000)
  to   space 10752K, 0% used [0x00000000d9500000,0x00000000d9500000,0x00000000d9f80000)
 ParOldGen       total 64512K, used 8027K [0x0000000083600000, 0x0000000087500000, 0x00000000d6780000)
  object space 64512K, 12% used [0x0000000083600000,0x0000000083dd6f98,0x0000000087500000)
 Metaspace       used 23705K, capacity 24282K, committed 24448K, reserved 1071104K
  class space    used 2946K, capacity 3092K, committed 3200K, reserved 1048576K
}
Event: 2.541 GC heap before
{Heap before GC invocations=8 (full 1):
 PSYoungGen      total 56832K, used 49664K [0x00000000d6780000, 0x00000000dae00000, 0x0000000100000000)
  eden space 46592K, 100% used [0x00000000d6780000,0x00000000d9500000,0x00000000d9500000)
  from space 10240K, 30% used [0x00000000d9f80000,0x00000000da2800c0,0x00000000da980000)
  to   space 10752K, 0% used [0x00000000d9500000,0x00000000d9500000,0x00000000d9f80000)
 ParOldGen       total 64512K, used 8027K [0x0000000083600000, 0x0000000087500000, 0x00000000d6780000)
  object space 64512K, 12% used [0x0000000083600000,0x0000000083dd6f98,0x0000000087500000)
 Metaspace       used 23876K, capacity 24510K, committed 24704K, reserved 1071104K
  class space    used 2950K, capacity 3098K, committed 3200K, reserved 1048576K
Event: 2.544 GC heap after
Heap after GC invocations=8 (full 1):
 PSYoungGen      total 57344K, used 3168K [0x00000000d6780000, 0x00000000dc280000, 0x0000000100000000)
  eden space 46592K, 0% used [0x00000000d6780000,0x00000000d6780000,0x00000000d9500000)
  from space 10752K, 29% used [0x00000000d9500000,0x00000000d98180b0,0x00000000d9f80000)
  to   space 10240K, 0% used [0x00000000db880000,0x00000000db880000,0x00000000dc280000)
 ParOldGen       total 64512K, used 8035K [0x0000000083600000, 0x0000000087500000, 0x00000000d6780000)
  object space 64512K, 12% used [0x0000000083600000,0x0000000083dd8f98,0x0000000087500000)
 Metaspace       used 23876K, capacity 24510K, committed 24704K, reserved 1071104K
  class space    used 2950K, capacity 3098K, committed 3200K, reserved 1048576K
}
Event: 2.670 GC heap before
{Heap before GC invocations=9 (full 1):
 PSYoungGen      total 57344K, used 49760K [0x00000000d6780000, 0x00000000dc280000, 0x0000000100000000)
  eden space 46592K, 100% used [0x00000000d6780000,0x00000000d9500000,0x00000000d9500000)
  from space 10752K, 29% used [0x00000000d9500000,0x00000000d98180b0,0x00000000d9f80000)
  to   space 10240K, 0% used [0x00000000db880000,0x00000000db880000,0x00000000dc280000)
 ParOldGen       total 64512K, used 8035K [0x0000000083600000, 0x0000000087500000, 0x00000000d6780000)
  object space 64512K, 12% used [0x0000000083600000,0x0000000083dd8f98,0x0000000087500000)
 Metaspace       used 24363K, capacity 25076K, committed 25344K, reserved 1071104K
  class space    used 3058K, capacity 3235K, committed 3328K, reserved 1048576K
Event: 2.674 GC heap after
Heap after GC invocations=9 (full 1):
 PSYoungGen      total 82944K, used 3200K [0x00000000d6780000, 0x00000000dc400000, 0x0000000100000000)
  eden space 72704K, 0% used [0x00000000d6780000,0x00000000d6780000,0x00000000dae80000)
  from space 10240K, 31% used [0x00000000db880000,0x00000000dbba01d0,0x00000000dc280000)
  to   space 10240K, 0% used [0x00000000dae80000,0x00000000dae80000,0x00000000db880000)
 ParOldGen       total 64512K, used 8043K [0x0000000083600000, 0x0000000087500000, 0x00000000d6780000)
  object space 64512K, 12% used [0x0000000083600000,0x0000000083ddaf98,0x0000000087500000)
 Metaspace       used 24363K, capacity 25076K, committed 25344K, reserved 1071104K
  class space    used 3058K, capacity 3235K, committed 3328K, reserved 1048576K
}

