# JRE version: Java(TM) SE Runtime Environment (8.0_131-b11) (build 1.8.0_131-b11)
# Java VM: Java HotSpot(TM) 64-Bit Server VM (25.131-b11 mixed mode windows-amd64 compressed oops)
Heap:
 PSYoungGen      total 88064K, used 34358K [0x00000000d6780000, 0x00000000dc800000, 0x0000000100000000)
  eden space 77824K, 39% used [0x00000000d6780000,0x00000000d85b1a80,0x00000000db380000)
  from space 10240K, 33% used [0x00000000dbd80000,0x00000000dc0dc0b0,0x00000000dc780000)
  to   space 10240K, 0% used [0x00000000db380000,0x00000000db380000,0x00000000dbd80000)
 ParOldGen       total 63488K, used 8037K [0x0000000083600000, 0x0000000087400000, 0x00000000d6780000)
  object space 63488K, 12% used [0x0000000083600000,0x0000000083dd9538,0x0000000087400000)
 Metaspace       used 30814K, capacity 32426K, committed 32640K, reserved 1077248K
  class space    used 4141K, capacity 4458K, committed 4480K, reserved 1048576K
GC Heap History (10 events):
Event: 2.100 GC heap before
{Heap before GC invocations=5 (full 1):
 PSYoungGen      total 37888K, used 5103K [0x00000000d6780000, 0x00000000db180000, 0x0000000100000000)
  eden space 32768K, 0% used [0x00000000d6780000,0x00000000d6780000,0x00000000d8780000)
  from space 5120K, 99% used [0x00000000d8c80000,0x00000000d917bdc8,0x00000000d9180000)
  to   space 5120K, 0% used [0x00000000d8780000,0x00000000d8780000,0x00000000d8c80000)
 ParOldGen       total 86016K, used 6712K [0x0000000083600000, 0x0000000088a00000, 0x00000000d6780000)
  object space 86016K, 7% used [0x0000000083600000,0x0000000083c8e3b0,0x0000000088a00000)
 Metaspace       used 20825K, capacity 21170K, committed 21296K, reserved 1069056K
  class space    used 2491K, capacity 2613K, committed 2688K, reserved 1048576K
Event: 2.125 GC heap after
Heap after GC invocations=5 (full 1):
 PSYoungGen      total 37888K, used 0K [0x00000000d6780000, 0x00000000db180000, 0x0000000100000000)
  eden space 32768K, 0% used [0x00000000d6780000,0x00000000d6780000,0x00000000d8780000)
  from space 5120K, 0% used [0x00000000d8c80000,0x00000000d8c80000,0x00000000d9180000)
  to   space 5120K, 0% used [0x00000000d8780000,0x00000000d8780000,0x00000000d8c80000)
 ParOldGen       total 63488K, used 7994K [0x0000000083600000, 0x0000000087400000, 0x00000000d6780000)
  object space 63488K, 12% used [0x0000000083600000,0x0000000083dce8e8,0x0000000087400000)
 Metaspace       used 20825K, capacity 21170K, committed 21296K, reserved 1069056K
  class space    used 2491K, capacity 2613K, committed 2688K, reserved 1048576K
}
Event: 2.319 GC heap before
{Heap before GC invocations=6 (full 1):
 PSYoungGen      total 37888K, used 32768K [0x00000000d6780000, 0x00000000db180000, 0x0000000100000000)
  eden space 32768K, 100% used [0x00000000d6780000,0x00000000d8780000,0x00000000d8780000)
  from space 5120K, 0% used [0x00000000d8c80000,0x00000000d8c80000,0x00000000d9180000)
  to   space 5120K, 0% used [0x00000000d8780000,0x00000000d8780000,0x00000000d8c80000)
 ParOldGen       total 63488K, used 7994K [0x0000000083600000, 0x0000000087400000, 0x00000000d6780000)
  object space 63488K, 12% used [0x0000000083600000,0x0000000083dce8e8,0x0000000087400000)
 Metaspace       used 23523K, capacity 24086K, committed 24448K, reserved 1071104K
  class space    used 2941K, capacity 3090K, committed 3200K, reserved 1048576K
Event: 2.322 GC heap after
Heap after GC invocations=6 (full 1):
 PSYoungGen      total 37888K, used 2608K [0x00000000d6780000, 0x00000000dac00000, 0x0000000100000000)
  eden space 32768K, 0% used [0x00000000d6780000,0x00000000d6780000,0x00000000d8780000)
  from space 5120K, 50% used [0x00000000d8780000,0x00000000d8a0c010,0x00000000d8c80000)
  to   space 10752K, 0% used [0x00000000da180000,0x00000000da180000,0x00000000dac00000)
 ParOldGen       total 63488K, used 8013K [0x0000000083600000, 0x0000000087400000, 0x00000000d6780000)
  object space 63488K, 12% used [0x0000000083600000,0x0000000083dd3538,0x0000000087400000)
 Metaspace       used 23523K, capacity 24086K, committed 24448K, reserved 1071104K
  class space    used 2941K, capacity 3090K, committed 3200K, reserved 1048576K
}
Event: 2.401 GC heap before
{Heap before GC invocations=7 (full 1):
 PSYoungGen      total 37888K, used 35376K [0x00000000d6780000, 0x00000000dac00000, 0x0000000100000000)
  eden space 32768K, 100% used [0x00000000d6780000,0x00000000d8780000,0x00000000d8780000)
  from space 5120K, 50% used [0x00000000d8780000,0x00000000d8a0c010,0x00000000d8c80000)
  to   space 10752K, 0% used [0x00000000da180000,0x00000000da180000,0x00000000dac00000)
 ParOldGen       total 63488K, used 8013K [0x0000000083600000, 0x0000000087400000, 0x00000000d6780000)
  object space 63488K, 12% used [0x0000000083600000,0x0000000083dd3538,0x0000000087400000)
 Metaspace       used 23705K, capacity 24290K, committed 24448K, reserved 1071104K
  class space    used 2945K, capacity 3092K, committed 3200K, reserved 1048576K
Event: 2.404 GC heap after
Heap after GC invocations=7 (full 1):
 PSYoungGen      total 59392K, used 2976K [0x00000000d6780000, 0x00000000daf80000, 0x0000000100000000)
  eden space 48640K, 0% used [0x00000000d6780000,0x00000000d6780000,0x00000000d9700000)
  from space 10752K, 27% used [0x00000000da180000,0x00000000da468080,0x00000000dac00000)
  to   space 10752K, 0% used [0x00000000d9700000,0x00000000d9700000,0x00000000da180000)
 ParOldGen       total 63488K, used 8021K [0x0000000083600000, 0x0000000087400000, 0x00000000d6780000)
  object space 63488K, 12% used [0x0000000083600000,0x0000000083dd5538,0x0000000087400000)
 Metaspace       used 23705K, capacity 24290K, committed 24448K, reserved 1071104K
  class space    used 2945K, capacity 3092K, committed 3200K, reserved 1048576K
}
Event: 2.518 GC heap before
{Heap before GC invocations=8 (full 1):
 PSYoungGen      total 59392K, used 51616K [0x00000000d6780000, 0x00000000daf80000, 0x0000000100000000)
  eden space 48640K, 100% used [0x00000000d6780000,0x00000000d9700000,0x00000000d9700000)
  from space 10752K, 27% used [0x00000000da180000,0x00000000da468080,0x00000000dac00000)
  to   space 10752K, 0% used [0x00000000d9700000,0x00000000d9700000,0x00000000da180000)
 ParOldGen       total 63488K, used 8021K [0x0000000083600000, 0x0000000087400000, 0x00000000d6780000)
  object space 63488K, 12% used [0x0000000083600000,0x0000000083dd5538,0x0000000087400000)
 Metaspace       used 23876K, capacity 24518K, committed 24704K, reserved 1071104K
  class space    used 2949K, capacity 3098K, committed 3200K, reserved 1048576K
Event: 2.521 GC heap after
Heap after GC invocations=8 (full 1):
 PSYoungGen      total 59392K, used 3200K [0x00000000d6780000, 0x00000000dc780000, 0x0000000100000000)
  eden space 48640K, 0% used [0x00000000d6780000,0x00000000d6780000,0x00000000d9700000)
  from space 10752K, 29% used [0x00000000d9700000,0x00000000d9a200b0,0x00000000da180000)
  to   space 10240K, 0% used [0x00000000dbd80000,0x00000000dbd80000,0x00000000dc780000)
 ParOldGen       total 63488K, used 8029K [0x0000000083600000, 0x0000000087400000, 0x00000000d6780000)
  object space 63488K, 12% used [0x0000000083600000,0x0000000083dd7538,0x0000000087400000)
 Metaspace       used 23876K, capacity 24518K, committed 24704K, reserved 1071104K
  class space    used 2949K, capacity 3098K, committed 3200K, reserved 1048576K
}
Event: 2.663 GC heap before
{Heap before GC invocations=9 (full 1):
 PSYoungGen      total 59392K, used 51840K [0x00000000d6780000, 0x00000000dc780000, 0x0000000100000000)
  eden space 48640K, 100% used [0x00000000d6780000,0x00000000d9700000,0x00000000d9700000)
  from space 10752K, 29% used [0x00000000d9700000,0x00000000d9a200b0,0x00000000da180000)
  to   space 10240K, 0% used [0x00000000dbd80000,0x00000000dbd80000,0x00000000dc780000)
 ParOldGen       total 63488K, used 8029K [0x0000000083600000, 0x0000000087400000, 0x00000000d6780000)
  object space 63488K, 12% used [0x0000000083600000,0x0000000083dd7538,0x0000000087400000)
 Metaspace       used 25893K, capacity 26660K, committed 26880K, reserved 1073152K
  class space    used 3393K, capacity 3579K, committed 3584K, reserved 1048576K
Event: 2.667 GC heap after
Heap after GC invocations=9 (full 1):
 PSYoungGen      total 88064K, used 3440K [0x00000000d6780000, 0x00000000dc800000, 0x0000000100000000)
  eden space 77824K, 0% used [0x00000000d6780000,0x00000000d6780000,0x00000000db380000)
  from space 10240K, 33% used [0x00000000dbd80000,0x00000000dc0dc0b0,0x00000000dc780000)
  to   space 10240K, 0% used [0x00000000db380000,0x00000000db380000,0x00000000dbd80000)
 ParOldGen       total 63488K, used 8037K [0x0000000083600000, 0x0000000087400000, 0x00000000d6780000)
  object space 63488K, 12% used [0x0000000083600000,0x0000000083dd9538,0x0000000087400000)
 Metaspace       used 25893K, capacity 26660K, committed 26880K, reserved 1073152K
  class space    used 3393K, capacity 3579K, committed 3584K, reserved 1048576K
}

